Arguments: 
  /usr/bin/node /usr/bin/yarn add -D parcel svelte parcel-svelte-plugin

PATH: 
  /home/user/.opam/4.02.3/bin:/home/user/.zplug/bin:/usr/local/bin:/usr/local/sbin:/usr/bin:/usr/bin/site_perl:/usr/bin/vendor_perl:/usr/bin/core_perl:/home/user/.local/bin:/home/user/bin/:/home/user/.config/composer/vendor/bin/:/home/user/go/bin:/home/user/.dub/packages/.bin/dls-latest:/home/user/.pyenv/bin:/usr/local/go/bin:/home/user/.poetry/bin:/home/user/.cargo/bin

Yarn version: 
  1.21.1

Node version: 
  13.4.0

Platform: 
  linux x64

Trace: 
  Error: https://registry.yarnpkg.com/parcel-svelte-plugin: Not found
      at Request.params.callback [as _callback] (/usr/lib/node_modules/yarn/lib/cli.js:66947:18)
      at Request.self.callback (/usr/lib/node_modules/yarn/lib/cli.js:140665:22)
      at Request.emit (events.js:304:20)
      at Request.<anonymous> (/usr/lib/node_modules/yarn/lib/cli.js:141637:10)
      at Request.emit (events.js:304:20)
      at IncomingMessage.<anonymous> (/usr/lib/node_modules/yarn/lib/cli.js:141559:12)
      at Object.onceWrapper (events.js:410:28)
      at IncomingMessage.emit (events.js:316:22)
      at endReadableNT (_stream_readable.js:1215:12)
      at processTicksAndRejections (internal/process/task_queues.js:84:21)

npm manifest: 
  {
    "name": "svelte-tutorial",
    "version": "1.0.0",
    "main": "index.js",
    "license": "MIT"
  }

yarn manifest: 
  No manifest

Lockfile: 
  No lockfile
